{"/home/user/somarim-sente/backend/src/api/temporalLogic.js": {"path":"/home/user/somarim-sente/backend/src/api/temporalLogic.js","statementMap":{"0":{"start":{"line":3,"column":8},"end":{"line":11,"column":10}},"1":{"start":{"line":15,"column":8},"end":{"line":17,"column":10}},"2":{"start":{"line":21,"column":0},"end":{"line":21,"column":29}}},"fnMap":{"0":{"name":"(anonymous_0)","decl":{"start":{"line":2,"column":4},"end":{"line":2,"column":5}},"loc":{"start":{"line":2,"column":49},"end":{"line":12,"column":5}},"line":2},"1":{"name":"(anonymous_1)","decl":{"start":{"line":14,"column":4},"end":{"line":14,"column":5}},"loc":{"start":{"line":14,"column":38},"end":{"line":18,"column":5}},"line":14}},"branchMap":{},"s":{"0":3,"1":1,"2":2},"f":{"0":3,"1":1},"b":{},"_coverageSchema":"1a1c01bbd47fc00a2c39e90264f33305004495a9","hash":"880557dc99f0d442817d09227be80f6005d94333"}
,"/home/user/somarim-sente/backend/src/api/v1/controllers/causal.js": {"path":"/home/user/somarim-sente/backend/src/api/v1/controllers/causal.js","statementMap":{"0":{"start":{"line":1,"column":32},"end":{"line":1,"column":61}},"1":{"start":{"line":3,"column":0},"end":{"line":9,"column":2}},"2":{"start":{"line":4,"column":17},"end":{"line":4,"column":44}},"3":{"start":{"line":5,"column":2},"end":{"line":8,"column":4}},"4":{"start":{"line":11,"column":0},"end":{"line":19,"column":2}},"5":{"start":{"line":12,"column":2},"end":{"line":18,"column":4}}},"fnMap":{"0":{"name":"(anonymous_0)","decl":{"start":{"line":3,"column":25},"end":{"line":3,"column":26}},"loc":{"start":{"line":3,"column":37},"end":{"line":9,"column":1}},"line":3},"1":{"name":"(anonymous_1)","decl":{"start":{"line":11,"column":29},"end":{"line":11,"column":30}},"loc":{"start":{"line":11,"column":41},"end":{"line":19,"column":1}},"line":11}},"branchMap":{},"s":{"0":1,"1":1,"2":1,"3":1,"4":1,"5":2},"f":{"0":1,"1":2},"b":{},"_coverageSchema":"1a1c01bbd47fc00a2c39e90264f33305004495a9","hash":"e5b03c874398b2f00db1dcfdf55ac72ca196cc3f"}
,"/home/user/somarim-sente/backend/src/api/v1/routes/causal.js": {"path":"/home/user/somarim-sente/backend/src/api/v1/routes/causal.js","statementMap":{"0":{"start":{"line":1,"column":16},"end":{"line":1,"column":34}},"1":{"start":{"line":2,"column":15},"end":{"line":2,"column":31}},"2":{"start":{"line":3,"column":47},"end":{"line":3,"column":79}},"3":{"start":{"line":5,"column":0},"end":{"line":12,"column":3}},"4":{"start":{"line":6,"column":2},"end":{"line":11,"column":3}},"5":{"start":{"line":7,"column":19},"end":{"line":7,"column":41}},"6":{"start":{"line":8,"column":4},"end":{"line":8,"column":52}},"7":{"start":{"line":10,"column":4},"end":{"line":10,"column":67}},"8":{"start":{"line":14,"column":0},"end":{"line":21,"column":3}},"9":{"start":{"line":15,"column":2},"end":{"line":20,"column":3}},"10":{"start":{"line":16,"column":19},"end":{"line":16,"column":45}},"11":{"start":{"line":17,"column":4},"end":{"line":17,"column":73}},"12":{"start":{"line":19,"column":4},"end":{"line":19,"column":67}},"13":{"start":{"line":23,"column":0},"end":{"line":23,"column":24}}},"fnMap":{"0":{"name":"(anonymous_0)","decl":{"start":{"line":5,"column":16},"end":{"line":5,"column":17}},"loc":{"start":{"line":5,"column":36},"end":{"line":12,"column":1}},"line":5},"1":{"name":"(anonymous_1)","decl":{"start":{"line":14,"column":25},"end":{"line":14,"column":26}},"loc":{"start":{"line":14,"column":45},"end":{"line":21,"column":1}},"line":14}},"branchMap":{},"s":{"0":1,"1":1,"2":1,"3":1,"4":2,"5":2,"6":1,"7":1,"8":1,"9":2,"10":2,"11":1,"12":1,"13":1},"f":{"0":2,"1":2},"b":{},"_coverageSchema":"1a1c01bbd47fc00a2c39e90264f33305004495a9","hash":"3bb5195c7d3e8e85e1a4191e4f7744eaa43acec7"}
,"/home/user/somarim-sente/backend/src/api/v1/services/causal.js": {"path":"/home/user/somarim-sente/backend/src/api/v1/services/causal.js","statementMap":{"0":{"start":{"line":1,"column":0},"end":{"line":13,"column":2}},"1":{"start":{"line":2,"column":18},"end":{"line":2,"column":66}},"2":{"start":{"line":3,"column":17},"end":{"line":3,"column":19}},"3":{"start":{"line":5,"column":2},"end":{"line":10,"column":5}},"4":{"start":{"line":6,"column":4},"end":{"line":6,"column":19}},"5":{"start":{"line":7,"column":4},"end":{"line":9,"column":7}},"6":{"start":{"line":8,"column":6},"end":{"line":8,"column":60}},"7":{"start":{"line":12,"column":2},"end":{"line":12,"column":16}}},"fnMap":{"0":{"name":"(anonymous_0)","decl":{"start":{"line":1,"column":30},"end":{"line":1,"column":31}},"loc":{"start":{"line":1,"column":42},"end":{"line":13,"column":1}},"line":1},"1":{"name":"(anonymous_1)","decl":{"start":{"line":5,"column":18},"end":{"line":5,"column":19}},"loc":{"start":{"line":5,"column":25},"end":{"line":10,"column":3}},"line":5},"2":{"name":"(anonymous_2)","decl":{"start":{"line":7,"column":20},"end":{"line":7,"column":21}},"loc":{"start":{"line":7,"column":27},"end":{"line":9,"column":5}},"line":7}},"branchMap":{"0":{"loc":{"start":{"line":8,"column":21},"end":{"line":8,"column":59}},"type":"cond-expr","locations":[{"start":{"line":8,"column":31},"end":{"line":8,"column":32}},{"start":{"line":8,"column":35},"end":{"line":8,"column":59}}],"line":8}},"s":{"0":2,"1":5,"2":5,"3":5,"4":20,"5":20,"6":80,"7":5},"f":{"0":5,"1":20,"2":80},"b":{"0":[20,60]},"_coverageSchema":"1a1c01bbd47fc00a2c39e90264f33305004495a9","hash":"caf7dba191ca8c27e13e6f25429750bf70f6a397"}
,"/home/user/somarim-sente/backend/src/core/somarim_integration.js": {"path":"/home/user/somarim-sente/backend/src/core/somarim_integration.js","statementMap":{"0":{"start":{"line":1,"column":20},"end":{"line":1,"column":51}},"1":{"start":{"line":2,"column":33},"end":{"line":2,"column":69}},"2":{"start":{"line":6,"column":8},"end":{"line":6,"column":71}},"3":{"start":{"line":8,"column":24},"end":{"line":13,"column":10}},"4":{"start":{"line":15,"column":8},"end":{"line":20,"column":10}},"5":{"start":{"line":17,"column":51},"end":{"line":17,"column":62}},"6":{"start":{"line":25,"column":8},"end":{"line":25,"column":81}},"7":{"start":{"line":30,"column":8},"end":{"line":30,"column":87}},"8":{"start":{"line":35,"column":8},"end":{"line":35,"column":80}},"9":{"start":{"line":39,"column":8},"end":{"line":39,"column":67}},"10":{"start":{"line":40,"column":23},"end":{"line":40,"column":74}},"11":{"start":{"line":41,"column":8},"end":{"line":46,"column":10}},"12":{"start":{"line":50,"column":0},"end":{"line":50,"column":35}}},"fnMap":{"0":{"name":"(anonymous_0)","decl":{"start":{"line":5,"column":4},"end":{"line":5,"column":5}},"loc":{"start":{"line":5,"column":50},"end":{"line":21,"column":5}},"line":5},"1":{"name":"(anonymous_1)","decl":{"start":{"line":17,"column":46},"end":{"line":17,"column":47}},"loc":{"start":{"line":17,"column":51},"end":{"line":17,"column":62}},"line":17},"2":{"name":"(anonymous_2)","decl":{"start":{"line":23,"column":4},"end":{"line":23,"column":5}},"loc":{"start":{"line":23,"column":42},"end":{"line":26,"column":5}},"line":23},"3":{"name":"(anonymous_3)","decl":{"start":{"line":28,"column":4},"end":{"line":28,"column":5}},"loc":{"start":{"line":28,"column":46},"end":{"line":31,"column":5}},"line":28},"4":{"name":"(anonymous_4)","decl":{"start":{"line":33,"column":4},"end":{"line":33,"column":5}},"loc":{"start":{"line":33,"column":39},"end":{"line":36,"column":5}},"line":33},"5":{"name":"(anonymous_5)","decl":{"start":{"line":38,"column":4},"end":{"line":38,"column":5}},"loc":{"start":{"line":38,"column":47},"end":{"line":47,"column":5}},"line":38}},"branchMap":{},"s":{"0":1,"1":1,"2":1,"3":1,"4":1,"5":4,"6":1,"7":1,"8":1,"9":1,"10":1,"11":1,"12":1},"f":{"0":1,"1":4,"2":1,"3":1,"4":1,"5":1},"b":{},"_coverageSchema":"1a1c01bbd47fc00a2c39e90264f33305004495a9","hash":"5eb85f5a37010e8e68e26564413851c3719107a1"}
,"/home/user/somarim-sente/backend/src/middleware/authMiddleware.js": {"path":"/home/user/somarim-sente/backend/src/middleware/authMiddleware.js","statementMap":{"0":{"start":{"line":1,"column":14},"end":{"line":1,"column":39}},"1":{"start":{"line":3,"column":23},"end":{"line":3,"column":62}},"2":{"start":{"line":5,"column":0},"end":{"line":7,"column":3}},"3":{"start":{"line":9,"column":23},"end":{"line":26,"column":1}},"4":{"start":{"line":10,"column":18},"end":{"line":10,"column":66}},"5":{"start":{"line":12,"column":2},"end":{"line":14,"column":3}},"6":{"start":{"line":13,"column":4},"end":{"line":13,"column":78}},"7":{"start":{"line":16,"column":2},"end":{"line":25,"column":3}},"8":{"start":{"line":17,"column":25},"end":{"line":17,"column":66}},"9":{"start":{"line":18,"column":4},"end":{"line":18,"column":28}},"10":{"start":{"line":19,"column":4},"end":{"line":19,"column":11}},"11":{"start":{"line":21,"column":4},"end":{"line":23,"column":5}},"12":{"start":{"line":22,"column":6},"end":{"line":22,"column":56}},"13":{"start":{"line":24,"column":4},"end":{"line":24,"column":74}},"14":{"start":{"line":28,"column":0},"end":{"line":28,"column":32}}},"fnMap":{"0":{"name":"(anonymous_0)","decl":{"start":{"line":9,"column":23},"end":{"line":9,"column":24}},"loc":{"start":{"line":9,"column":49},"end":{"line":26,"column":1}},"line":9}},"branchMap":{"0":{"loc":{"start":{"line":12,"column":2},"end":{"line":14,"column":3}},"type":"if","locations":[{"start":{"line":12,"column":2},"end":{"line":14,"column":3}},{"start":{},"end":{}}],"line":12},"1":{"loc":{"start":{"line":21,"column":4},"end":{"line":23,"column":5}},"type":"if","locations":[{"start":{"line":21,"column":4},"end":{"line":23,"column":5}},{"start":{},"end":{}}],"line":21}},"s":{"0":1,"1":1,"2":1,"3":1,"4":4,"5":4,"6":1,"7":3,"8":3,"9":1,"10":1,"11":2,"12":1,"13":2,"14":1},"f":{"0":4},"b":{"0":[1,3],"1":[1,1]},"_coverageSchema":"1a1c01bbd47fc00a2c39e90264f33305004495a9","hash":"7d7663f799f926fa1efe2180615e549757d196e8"}
}
