TN:
SF:src/api/temporalLogic.js
FN:2,(anonymous_0)
FN:14,(anonymous_1)
FNF:2
FNH:2
FNDA:3,(anonymous_0)
FNDA:1,(anonymous_1)
DA:3,3
DA:15,1
DA:21,2
LF:3
LH:3
BRF:0
BRH:0
end_of_record
TN:
SF:src/api/v1/controllers/causal.js
FN:3,(anonymous_0)
FN:11,(anonymous_1)
FNF:2
FNH:2
FNDA:1,(anonymous_0)
FNDA:2,(anonymous_1)
DA:1,1
DA:3,1
DA:4,1
DA:5,1
DA:11,1
DA:12,2
LF:6
LH:6
BRF:0
BRH:0
end_of_record
TN:
SF:src/api/v1/routes/causal.js
FN:5,(anonymous_0)
FN:14,(anonymous_1)
FNF:2
FNH:2
FNDA:2,(anonymous_0)
FNDA:2,(anonymous_1)
DA:1,1
DA:2,1
DA:3,1
DA:5,1
DA:6,2
DA:7,2
DA:8,1
DA:10,1
DA:14,1
DA:15,2
DA:16,2
DA:17,1
DA:19,1
DA:23,1
LF:14
LH:14
BRF:0
BRH:0
end_of_record
TN:
SF:src/api/v1/services/causal.js
FN:1,(anonymous_0)
FN:5,(anonymous_1)
FN:7,(anonymous_2)
FNF:3
FNH:3
FNDA:5,(anonymous_0)
FNDA:20,(anonymous_1)
FNDA:80,(anonymous_2)
DA:1,2
DA:2,5
DA:3,5
DA:5,5
DA:6,20
DA:7,20
DA:8,80
DA:12,5
LF:8
LH:8
BRDA:8,0,0,20
BRDA:8,0,1,60
BRF:2
BRH:2
end_of_record
TN:
SF:src/core/somarim_integration.js
FN:5,(anonymous_0)
FN:17,(anonymous_1)
FN:23,(anonymous_2)
FN:28,(anonymous_3)
FN:33,(anonymous_4)
FN:38,(anonymous_5)
FNF:6
FNH:6
FNDA:1,(anonymous_0)
FNDA:4,(anonymous_1)
FNDA:1,(anonymous_2)
FNDA:1,(anonymous_3)
FNDA:1,(anonymous_4)
FNDA:1,(anonymous_5)
DA:1,1
DA:2,1
DA:6,1
DA:8,1
DA:15,1
DA:17,4
DA:25,1
DA:30,1
DA:35,1
DA:39,1
DA:40,1
DA:41,1
DA:50,1
LF:13
LH:13
BRF:0
BRH:0
end_of_record
TN:
SF:src/middleware/authMiddleware.js
FN:9,(anonymous_0)
FNF:1
FNH:1
FNDA:4,(anonymous_0)
DA:1,1
DA:3,1
DA:5,1
DA:9,1
DA:10,4
DA:12,4
DA:13,1
DA:16,3
DA:17,3
DA:18,1
DA:19,1
DA:21,2
DA:22,1
DA:24,2
DA:28,1
LF:15
LH:15
BRDA:12,0,0,1
BRDA:12,0,1,3
BRDA:21,1,0,1
BRDA:21,1,1,1
BRF:4
BRH:4
end_of_record
